#This file was generated using SimGrid-3.12.0
#[../simgrid/SimGrid-3.12/examples/smpi/smpi_replay --cfg=tracing:yes --cfg=tracing/filename:smpi_simgrid.trace --cfg=tracing/smpi:yes --cfg=surf/precision:1e-9 --cfg=network/model:SMPI --cfg=network/TCP_gamma:4194304 --cfg=tracing/smpi/computing:yes --cfg=tracing/precision:9 --cfg=network/model:SMPI --cfg=smpi/bw_factor:65472:1.0 --cfg=tracing/filename:simgrid/sendrecv-simgrid.trace simgrid/small-simgrid.xml tmppFTb3D ]
%EventDef PajeDefineContainerType 0
%       Alias string
%       Type string
%       Name string
%EndEventDef
%EventDef PajeDefineVariableType 1
%       Alias string
%       Type string
%       Name string
%       Color color
%EndEventDef
%EventDef PajeDefineStateType 2
%       Alias string
%       Type string
%       Name string
%EndEventDef
%EventDef PajeDefineEventType 3
%       Alias string
%       Type string
%       Name string
%EndEventDef
%EventDef PajeDefineLinkType 4
%       Alias string
%       Type string
%       StartContainerType string
%       EndContainerType string
%       Name string
%EndEventDef
%EventDef PajeDefineEntityValue 5
%       Alias string
%       Type string
%       Name string
%       Color color
%EndEventDef
%EventDef PajeCreateContainer 6
%       Time date
%       Alias string
%       Type string
%       Container string
%       Name string
%EndEventDef
%EventDef PajeDestroyContainer 7
%       Time date
%       Type string
%       Name string
%EndEventDef
%EventDef PajeSetVariable 8
%       Time date
%       Type string
%       Container string
%       Value double
%EndEventDef
%EventDef PajeAddVariable 9
%       Time date
%       Type string
%       Container string
%       Value double
%EndEventDef
%EventDef PajeSubVariable 10
%       Time date
%       Type string
%       Container string
%       Value double
%EndEventDef
%EventDef PajeSetState 11
%       Time date
%       Type string
%       Container string
%       Value string
%EndEventDef
%EventDef PajePushState 12
%       Time date
%       Type string
%       Container string
%       Value string
%EndEventDef
%EventDef PajePopState 13
%       Time date
%       Type string
%       Container string
%EndEventDef
%EventDef PajeResetState 14
%       Time date
%       Type string
%       Container string
%EndEventDef
%EventDef PajeStartLink 15
%       Time date
%       Type string
%       Container string
%       Value string
%       StartContainer string
%       Key string
%EndEventDef
%EventDef PajeEndLink 16
%       Time date
%       Type string
%       Container string
%       Value string
%       EndContainer string
%       Key string
%EndEventDef
%EventDef PajeNewEvent 17
%       Time date
%       Type string
%       Container string
%       Value string
%EndEventDef
0 1 0 MPI
2 2 1 MPI_STATE
4 3 0 1 1 MPI_LINK
6 0 1 1 0 "rank-0"
5 4 2 computing "0 1 1"
5 5 2 smpi_replay_run_init "0 1 0"
6 0 2 1 0 "rank-1"
6 0 3 1 0 "rank-2"
6 0 4 1 0 "rank-3"
12 0 2 1 4
12 0 2 1 5
13 0 2 1
12 0 2 2 4
12 0 2 2 5
13 0 2 2
12 0 2 3 4
12 0 2 3 5
13 0 2 3
12 0 2 4 4
12 0 2 4 5
13 0 2 4
12 0 2 3 4
12 0 2 2 4
12 0 2 4 4
12 0 2 1 4
13 2.751306000 2 3
12 2.751306000 2 3 4
13 2.765847000 2 2
12 2.765847000 2 2 4
13 2.769453000 2 4
12 2.769453000 2 4 4
13 2.811024000 2 3
12 2.811024000 2 3 4
13 2.817962000 2 3
12 2.817962000 2 3 4
5 6 2 action_send "0 0 1"
13 2.826065000 2 2
12 2.826065000 2 2 4
13 2.830750000 2 4
12 2.830750000 2 4 4
13 2.832009000 2 2
12 2.832009000 2 2 4
13 2.833223000 2 3
12 2.833223000 2 3 6
15 2.833223000 3 0 PTP 3 2_3_0
13 2.835680000 2 1
12 2.835680000 2 1 4
5 7 2 action_recv "1 0 0"
13 2.835918000 2 4
12 2.835918000 2 4 4
13 2.846457000 2 2
12 2.846457000 2 2 7
13 2.849142000 2 4
12 2.849142000 2 4 7
13 2.940188000 2 1
12 2.940188000 2 1 4
13 2.945117000 2 1
12 2.945117000 2 1 4
13 2.958607000 2 1
12 2.958607000 2 1 6
15 2.958607000 3 0 PTP 1 0_1_1
13 6.860785600 2 3
12 6.860785600 2 3 4
13 6.860785600 2 4
16 6.860785600 3 0 PTP 4 2_3_0
12 6.860785600 2 4 4
13 6.902206600 2 4
12 6.902206600 2 4 4
13 6.905179600 2 3
12 6.905179600 2 3 4
13 6.970250600 2 2
16 6.970250600 3 0 PTP 2 0_1_1
12 6.970250600 2 2 4
13 6.970250600 2 1
12 6.970250600 2 1 4
13 7.023777600 2 2
12 7.023777600 2 2 4
5 8 2 smpi_replay_run_finalize "0 1 0"
13 7.085460600 2 1
12 7.085460600 2 1 4
13 7.102421600 2 3
12 7.102421600 2 3 4
13 7.112375600 2 3
12 7.112375600 2 3 8
13 7.120150600 2 4
12 7.120150600 2 4 4
13 7.129949600 2 4
12 7.129949600 2 4 8
13 7.269056600 2 1
12 7.269056600 2 1 4
13 7.272779600 2 2
12 7.272779600 2 2 4
13 7.280895600 2 2
12 7.280895600 2 2 8
13 7.293161600 2 1
12 7.293161600 2 1 8
13 7.293161600 2 1
7 7.293161600 1 1
13 7.293161600 2 3
7 7.293161600 1 3
13 7.293161600 2 4
7 7.293161600 1 4
13 7.293161600 2 2
7 7.293161600 1 2
